<?xml version="1.0" encoding="UTF-8"?>
<testng-results ignored="0" total="1" passed="1" failed="0" skipped="0">
  <reporter-output>
  </reporter-output>
  <suite started-at="2025-05-24T23:16:48 EEST" name="SportEmpire Suite" finished-at="2025-05-24T23:17:12 EEST" duration-ms="23711">
    <groups>
    </groups>
    <test started-at="2025-05-24T23:16:48 EEST" name="Basic Appium Test" finished-at="2025-05-24T23:17:12 EEST" duration-ms="23711">
      <class name="tests.SimpleAppiumTest">
        <test-method is-config="true" signature="setUp()[pri:0, instance:tests.SimpleAppiumTest@14dd9eb7]" started-at="2025-05-24T23:16:48 EEST" name="setUp" finished-at="2025-05-24T23:16:53 EEST" duration-ms="5002" status="PASS">
          <reporter-output>
          </reporter-output>
        </test-method> <!-- setUp -->
        <test-method signature="openMenuAndGoToFootballLive()[pri:0, instance:tests.SimpleAppiumTest@14dd9eb7]" started-at="2025-05-24T23:16:53 EEST" name="openMenuAndGoToFootballLive" finished-at="2025-05-24T23:17:12 EEST" duration-ms="18451" status="PASS">
          <reporter-output>
          </reporter-output>
        </test-method> <!-- openMenuAndGoToFootballLive -->
        <test-method is-config="true" signature="tearDown()[pri:0, instance:tests.SimpleAppiumTest@14dd9eb7]" started-at="2025-05-24T23:17:12 EEST" name="tearDown" finished-at="2025-05-24T23:17:12 EEST" duration-ms="244" status="PASS">
          <reporter-output>
          </reporter-output>
        </test-method> <!-- tearDown -->
      </class> <!-- tests.SimpleAppiumTest -->
    </test> <!-- Basic Appium Test -->
  </suite> <!-- SportEmpire Suite -->
</testng-results>
