<?xml version="1.0" encoding="UTF-8"?>
<testng-results ignored="0" total="1" passed="1" failed="0" skipped="0">
  <reporter-output>
  </reporter-output>
  <suite started-at="2025-05-26T00:10:15 EEST" name="MySuite" finished-at="2025-05-26T00:10:42 EEST" duration-ms="27490">
    <groups>
    </groups>
    <test started-at="2025-05-26T00:10:15 EEST" name="MyTest" finished-at="2025-05-26T00:10:42 EEST" duration-ms="27490">
      <class name="tests.FootballLiveEventsSortingAndFiltering">
        <test-method is-config="true" signature="setupConsoleAndFilePrinter()[pri:0, instance:tests.FootballLiveEventsSortingAndFiltering@6aba2b86]" started-at="2025-05-26T00:10:15 EEST" name="setupConsoleAndFilePrinter" finished-at="2025-05-26T00:10:15 EEST" duration-ms="23" status="PASS">
          <reporter-output>
          </reporter-output>
        </test-method> <!-- setupConsoleAndFilePrinter -->
        <test-method is-config="true" signature="setUp()[pri:0, instance:tests.FootballLiveEventsSortingAndFiltering@6aba2b86]" started-at="2025-05-26T00:10:15 EEST" name="setUp" finished-at="2025-05-26T00:10:19 EEST" duration-ms="4316" status="PASS">
          <reporter-output>
          </reporter-output>
        </test-method> <!-- setUp -->
        <test-method signature="openMenuAndGoToFootballLive()[pri:0, instance:tests.FootballLiveEventsSortingAndFiltering@6aba2b86]" started-at="2025-05-26T00:10:19 EEST" name="openMenuAndGoToFootballLive" finished-at="2025-05-26T00:10:42 EEST" duration-ms="22937" status="PASS">
          <reporter-output>
          </reporter-output>
        </test-method> <!-- openMenuAndGoToFootballLive -->
        <test-method is-config="true" signature="tearDown()[pri:0, instance:tests.FootballLiveEventsSortingAndFiltering@6aba2b86]" started-at="2025-05-26T00:10:42 EEST" name="tearDown" finished-at="2025-05-26T00:10:42 EEST" duration-ms="223" status="PASS">
          <reporter-output>
          </reporter-output>
        </test-method> <!-- tearDown -->
      </class> <!-- tests.FootballLiveEventsSortingAndFiltering -->
    </test> <!-- MyTest -->
  </suite> <!-- MySuite -->
</testng-results>
